  [1m[35m (114.5ms)[0m  [1m[35mCREATE TABLE "schema_migrations" ("version" character varying NOT NULL PRIMARY KEY)[0m
  [1m[35m (39.6ms)[0m  [1m[35mCREATE TABLE "ar_internal_metadata" ("key" character varying NOT NULL PRIMARY KEY, "value" character varying, "created_at" timestamp NOT NULL, "updated_at" timestamp NOT NULL)[0m
  [1m[35m (0.7ms)[0m  [1m[34mSELECT pg_try_advisory_lock(3039970328847458475)[0m
  [1m[35m (2.0ms)[0m  [1m[34mSELECT "schema_migrations"."version" FROM "schema_migrations" ORDER BY "schema_migrations"."version" ASC[0m
Migrating to CreateStores (20180223013547)
  [1m[35m (0.1ms)[0m  [1m[35mBEGIN[0m
  [1m[35m (62.0ms)[0m  [1m[35mCREATE TABLE "stores" ("id" bigserial primary key, "name" character varying, "website" character varying, "created_at" timestamp NOT NULL, "updated_at" timestamp NOT NULL)[0m
  [1m[35mSQL (1.1ms)[0m  [1m[32mINSERT INTO "schema_migrations" ("version") VALUES ($1) RETURNING "version"[0m  [["version", "20180223013547"]]
  [1m[35m (0.5ms)[0m  [1m[35mCOMMIT[0m
Migrating to CreateLists (20180223013729)
  [1m[35m (0.2ms)[0m  [1m[35mBEGIN[0m
  [1m[35m (56.3ms)[0m  [1m[35mCREATE TABLE "lists" ("id" bigserial primary key, "name" character varying, "department" character varying, "store_id_id" bigint, "created_at" timestamp NOT NULL, "updated_at" timestamp NOT NULL, CONSTRAINT "fk_rails_b76a0279c7"
FOREIGN KEY ("store_id_id")
  REFERENCES "store_ids" ("id")
)[0m
  [1m[35m (0.1ms)[0m  [1m[31mROLLBACK[0m
  [1m[35m (0.2ms)[0m  [1m[34mSELECT pg_advisory_unlock(3039970328847458475)[0m
  [1m[35m (0.2ms)[0m  [1m[34mSELECT pg_try_advisory_lock(3039970328847458475)[0m
  [1m[35m (6.9ms)[0m  [1m[34mSELECT "schema_migrations"."version" FROM "schema_migrations" ORDER BY "schema_migrations"."version" ASC[0m
Migrating to CreateItems (20180223013826)
  [1m[35m (0.2ms)[0m  [1m[35mBEGIN[0m
  [1m[35m (92.3ms)[0m  [1m[35mCREATE TABLE "items" ("id" bigserial primary key, "name" character varying, "price" float, "description" text, "list_id_id" bigint, "created_at" timestamp NOT NULL, "updated_at" timestamp NOT NULL, CONSTRAINT "fk_rails_1b0fc3d958"
FOREIGN KEY ("list_id_id")
  REFERENCES "list_ids" ("id")
)[0m
  [1m[35m (0.2ms)[0m  [1m[31mROLLBACK[0m
  [1m[35m (0.3ms)[0m  [1m[34mSELECT pg_advisory_unlock(3039970328847458475)[0m
  [1m[35m (0.2ms)[0m  [1m[34mSELECT pg_try_advisory_lock(3039970328847458475)[0m
  [1m[35m (2.2ms)[0m  [1m[34mSELECT "schema_migrations"."version" FROM "schema_migrations" ORDER BY "schema_migrations"."version" ASC[0m
Migrating to CreateLists (20180223015426)
  [1m[35m (0.1ms)[0m  [1m[35mBEGIN[0m
  [1m[35m (78.6ms)[0m  [1m[35mCREATE TABLE "lists" ("id" bigserial primary key, "name" character varying, "department" character varying, "store_id" bigint, "created_at" timestamp NOT NULL, "updated_at" timestamp NOT NULL, CONSTRAINT "fk_rails_cd91a9d269"
FOREIGN KEY ("store_id")
  REFERENCES "stores" ("id")
)[0m
  [1m[35m (11.3ms)[0m  [1m[35mCREATE  INDEX  "index_lists_on_store_id" ON "lists"  ("store_id")[0m
  [1m[35mSQL (0.5ms)[0m  [1m[32mINSERT INTO "schema_migrations" ("version") VALUES ($1) RETURNING "version"[0m  [["version", "20180223015426"]]
  [1m[35m (0.7ms)[0m  [1m[35mCOMMIT[0m
Migrating to CreateItems (20180223015541)
  [1m[35m (0.2ms)[0m  [1m[35mBEGIN[0m
  [1m[35m (54.5ms)[0m  [1m[35mCREATE TABLE "items" ("id" bigserial primary key, "name" character varying, "price" float, "description" text, "list_id" bigint, "created_at" timestamp NOT NULL, "updated_at" timestamp NOT NULL, CONSTRAINT "fk_rails_86a294a765"
FOREIGN KEY ("list_id")
  REFERENCES "lists" ("id")
)[0m
  [1m[35m (12.0ms)[0m  [1m[35mCREATE  INDEX  "index_items_on_list_id" ON "items"  ("list_id")[0m
  [1m[35mSQL (0.3ms)[0m  [1m[32mINSERT INTO "schema_migrations" ("version") VALUES ($1) RETURNING "version"[0m  [["version", "20180223015541"]]
  [1m[35m (0.5ms)[0m  [1m[35mCOMMIT[0m
  [1m[36mActiveRecord::InternalMetadata Load (0.8ms)[0m  [1m[34mSELECT  "ar_internal_metadata".* FROM "ar_internal_metadata" WHERE "ar_internal_metadata"."key" = $1 LIMIT $2[0m  [["key", "environment"], ["LIMIT", 1]]
  [1m[35m (0.3ms)[0m  [1m[35mBEGIN[0m
  [1m[35mSQL (1.3ms)[0m  [1m[32mINSERT INTO "ar_internal_metadata" ("key", "value", "created_at", "updated_at") VALUES ($1, $2, $3, $4) RETURNING "key"[0m  [["key", "environment"], ["value", "development"], ["created_at", "2018-02-23 01:55:56.962401"], ["updated_at", "2018-02-23 01:55:56.962401"]]
  [1m[35m (0.3ms)[0m  [1m[35mCOMMIT[0m
  [1m[35m (0.2ms)[0m  [1m[34mSELECT pg_advisory_unlock(3039970328847458475)[0m
  [1m[35m (0.2ms)[0m  [1m[34mSELECT "schema_migrations"."version" FROM "schema_migrations" ORDER BY "schema_migrations"."version" ASC[0m
  [1m[35m (0.1ms)[0m  [1m[35mBEGIN[0m
  [1m[35mSQL (1.2ms)[0m  [1m[32mINSERT INTO "stores" ("name", "website", "created_at", "updated_at") VALUES ($1, $2, $3, $4) RETURNING "id"[0m  [["name", "Fry's"], ["website", "www.frys.com"], ["created_at", "2018-02-23 02:01:45.395268"], ["updated_at", "2018-02-23 02:01:45.395268"]]
  [1m[35m (0.4ms)[0m  [1m[35mCOMMIT[0m
  [1m[35m (0.1ms)[0m  [1m[35mBEGIN[0m
  [1m[36mStore Load (0.3ms)[0m  [1m[34mSELECT  "stores".* FROM "stores" WHERE "stores"."id" = $1 LIMIT $2[0m  [["id", 1], ["LIMIT", 1]]
  [1m[35mSQL (13.4ms)[0m  [1m[32mINSERT INTO "lists" ("name", "department", "store_id", "created_at", "updated_at") VALUES ($1, $2, $3, $4, $5) RETURNING "id"[0m  [["name", "Computers"], ["department", "Electronics"], ["store_id", 1], ["created_at", "2018-02-23 02:02:49.052251"], ["updated_at", "2018-02-23 02:02:49.052251"]]
  [1m[35m (5.7ms)[0m  [1m[35mCOMMIT[0m
  [1m[35m (0.2ms)[0m  [1m[34mSELECT pg_try_advisory_lock(3039970328847458475)[0m
  [1m[35m (1.6ms)[0m  [1m[34mSELECT "schema_migrations"."version" FROM "schema_migrations" ORDER BY "schema_migrations"."version" ASC[0m
Migrating to CreateAddresses (20180223021048)
  [1m[35m (0.2ms)[0m  [1m[35mBEGIN[0m
  [1m[35m (73.8ms)[0m  [1m[35mCREATE TABLE "addresses" ("id" bigserial primary key, "street" character varying, "city" character varying, "state" character varying, "zip" character varying, "store_id" bigint, "created_at" timestamp NOT NULL, "updated_at" timestamp NOT NULL, CONSTRAINT "fk_rails_3cebe9f466"
FOREIGN KEY ("store_id")
  REFERENCES "stores" ("id")
)[0m
  [1m[35m (14.6ms)[0m  [1m[35mCREATE  INDEX  "index_addresses_on_store_id" ON "addresses"  ("store_id")[0m
  [1m[35mSQL (0.4ms)[0m  [1m[32mINSERT INTO "schema_migrations" ("version") VALUES ($1) RETURNING "version"[0m  [["version", "20180223021048"]]
  [1m[35m (0.8ms)[0m  [1m[35mCOMMIT[0m
  [1m[36mActiveRecord::InternalMetadata Load (1.1ms)[0m  [1m[34mSELECT  "ar_internal_metadata".* FROM "ar_internal_metadata" WHERE "ar_internal_metadata"."key" = $1 LIMIT $2[0m  [["key", "environment"], ["LIMIT", 1]]
  [1m[35m (0.1ms)[0m  [1m[35mBEGIN[0m
  [1m[35m (0.1ms)[0m  [1m[35mCOMMIT[0m
  [1m[35m (0.2ms)[0m  [1m[34mSELECT pg_advisory_unlock(3039970328847458475)[0m
  [1m[35m (0.3ms)[0m  [1m[34mSELECT "schema_migrations"."version" FROM "schema_migrations" ORDER BY "schema_migrations"."version" ASC[0m
